#
# There is insufficient memory for the Java Runtime Environment to continue.
# Native memory allocation (mmap) failed to map 1774190592 bytes for committing reserved memory.
# Possible reasons:
#   The system is out of physical RAM or swap space
#   In 32 bit mode, the process size limit was hit
# Possible solutions:
#   Reduce memory load on the system
#   Increase physical memory or swap space
#   Check if swap backing store is full
#   Use 64 bit Java on a 64 bit OS
#   Decrease Java heap size (-Xmx/-Xms)
#   Decrease number of Java threads
#   Decrease Java thread stack sizes (-Xss)
#   Set larger code cache with -XX:ReservedCodeCacheSize=
# This output file may be truncated or incomplete.
#
#  Out of Memory Error (os_linux.cpp:2673), pid=21958, tid=140707824420608
#
# JRE version:  (8.0_45-b14) (build )
# Java VM: Java HotSpot(TM) 64-Bit Server VM (25.45-b02 mixed mode linux-amd64 compressed oops)
# Failed to write core dump. Core dumps have been disabled. To enable core dumping, try "ulimit -c unlimited" before starting Java again
#

---------------  T H R E A D  ---------------

Current thread (0x00007ff91000a000):  JavaThread "Unknown thread" [_thread_in_vm, id=21959, stack(0x00007ff917d44000,0x00007ff917e45000)]

Stack: [0x00007ff917d44000,0x00007ff917e45000],  sp=0x00007ff917e43370,  free space=1020k
Native frames: (J=compiled Java code, j=interpreted, Vv=VM code, C=native code)
V  [libjvm.so+0xaac99a]  VMError::report_and_die()+0x2ba
V  [libjvm.so+0x4f333b]  report_vm_out_of_memory(char const*, int, unsigned long, VMErrorType, char const*)+0x8b
V  [libjvm.so+0x90e7c3]  os::Linux::commit_memory_impl(char*, unsigned long, bool)+0x103
V  [libjvm.so+0x90ed19]  os::pd_commit_memory(char*, unsigned long, unsigned long, bool)+0x29
V  [libjvm.so+0x90867a]  os::commit_memory(char*, unsigned long, unsigned long, bool)+0x2a
V  [libjvm.so+0x97bac3]  PSVirtualSpace::expand_by(unsigned long)+0x53
V  [libjvm.so+0x96bb77]  PSOldGen::initialize(ReservedSpace, unsigned long, char const*, int)+0xb7
V  [libjvm.so+0x2d4cda]  AdjoiningGenerations::AdjoiningGenerations(ReservedSpace, GenerationSizer*, unsigned long)+0x39a
V  [libjvm.so+0x931716]  ParallelScavengeHeap::initialize()+0x1d6
V  [libjvm.so+0xa75aab]  Universe::initialize_heap()+0xfb
V  [libjvm.so+0xa75e1e]  universe_init()+0x3e
V  [libjvm.so+0x62f635]  init_globals()+0x65
V  [libjvm.so+0xa5a02e]  Threads::create_vm(JavaVMInitArgs*, bool*)+0x23e
V  [libjvm.so+0x6c3244]  JNI_CreateJavaVM+0x74
C  [libjli.so+0x745e]  JavaMain+0x9e
C  [libpthread.so.0+0x8182]  start_thread+0xc2


---------------  P R O C E S S  ---------------

Java Threads: ( => current thread )

Other Threads:

=>0x00007ff91000a000 (exited) JavaThread "Unknown thread" [_thread_in_vm, id=21959, stack(0x00007ff917d44000,0x00007ff917e45000)]

VM state:not at safepoint (not fully initialized)

VM Mutex/Monitor currently owned by a thread: None

GC Heap History (0 events):
No events

Deoptimization events (0 events):
No events

Internal exceptions (0 events):
No events

Events (0 events):
No events


Dynamic libraries:
00400000-00401000 r-xp 00000000 ca:01 155624                             /usr/lib/jvm/java-8-oracle/jre/bin/java
00600000-00601000 rw-p 00000000 ca:01 155624                             /usr/lib/jvm/java-8-oracle/jre/bin/java
01e69000-01e8a000 rw-p 00000000 00:00 0                                  [heap]
e9c00000-100000000 rw-p 00000000 00:00 0 
7ff901000000-7ff901270000 rwxp 00000000 00:00 0 
7ff901270000-7ff910000000 ---p 00000000 00:00 0 
7ff910000000-7ff910032000 rw-p 00000000 00:00 0 
7ff910032000-7ff914000000 ---p 00000000 00:00 0 
7ff914487000-7ff91470b000 rw-p 00000000 00:00 0 
7ff91470b000-7ff914a59000 ---p 00000000 00:00 0 
7ff914a59000-7ff914b16000 rw-p 00000000 00:00 0 
7ff914b16000-7ff914ecc000 ---p 00000000 00:00 0 
7ff914ecc000-7ff914ee6000 r-xp 00000000 ca:01 275219                     /usr/lib/jvm/java-8-oracle/jre/lib/amd64/libzip.so
7ff914ee6000-7ff9150e6000 ---p 0001a000 ca:01 275219                     /usr/lib/jvm/java-8-oracle/jre/lib/amd64/libzip.so
7ff9150e6000-7ff9150e7000 rw-p 0001a000 ca:01 275219                     /usr/lib/jvm/java-8-oracle/jre/lib/amd64/libzip.so
7ff9150e7000-7ff9150f2000 r-xp 00000000 ca:01 396074                     /lib/x86_64-linux-gnu/libnss_files-2.19.so
7ff9150f2000-7ff9152f1000 ---p 0000b000 ca:01 396074                     /lib/x86_64-linux-gnu/libnss_files-2.19.so
7ff9152f1000-7ff9152f2000 r--p 0000a000 ca:01 396074                     /lib/x86_64-linux-gnu/libnss_files-2.19.so
7ff9152f2000-7ff9152f3000 rw-p 0000b000 ca:01 396074                     /lib/x86_64-linux-gnu/libnss_files-2.19.so
7ff9152f3000-7ff9152fe000 r-xp 00000000 ca:01 396076                     /lib/x86_64-linux-gnu/libnss_nis-2.19.so
7ff9152fe000-7ff9154fd000 ---p 0000b000 ca:01 396076                     /lib/x86_64-linux-gnu/libnss_nis-2.19.so
7ff9154fd000-7ff9154fe000 r--p 0000a000 ca:01 396076                     /lib/x86_64-linux-gnu/libnss_nis-2.19.so
7ff9154fe000-7ff9154ff000 rw-p 0000b000 ca:01 396076                     /lib/x86_64-linux-gnu/libnss_nis-2.19.so
7ff9154ff000-7ff915516000 r-xp 00000000 ca:01 396071                     /lib/x86_64-linux-gnu/libnsl-2.19.so
7ff915516000-7ff915715000 ---p 00017000 ca:01 396071                     /lib/x86_64-linux-gnu/libnsl-2.19.so
7ff915715000-7ff915716000 r--p 00016000 ca:01 396071                     /lib/x86_64-linux-gnu/libnsl-2.19.so
7ff915716000-7ff915717000 rw-p 00017000 ca:01 396071                     /lib/x86_64-linux-gnu/libnsl-2.19.so
7ff915717000-7ff915719000 rw-p 00000000 00:00 0 
7ff915719000-7ff915722000 r-xp 00000000 ca:01 396072                     /lib/x86_64-linux-gnu/libnss_compat-2.19.so
7ff915722000-7ff915921000 ---p 00009000 ca:01 396072                     /lib/x86_64-linux-gnu/libnss_compat-2.19.so
7ff915921000-7ff915922000 r--p 00008000 ca:01 396072                     /lib/x86_64-linux-gnu/libnss_compat-2.19.so
7ff915922000-7ff915923000 rw-p 00009000 ca:01 396072                     /lib/x86_64-linux-gnu/libnss_compat-2.19.so
7ff915923000-7ff91594d000 r-xp 00000000 ca:01 275201                     /usr/lib/jvm/java-8-oracle/jre/lib/amd64/libjava.so
7ff91594d000-7ff915b4d000 ---p 0002a000 ca:01 275201                     /usr/lib/jvm/java-8-oracle/jre/lib/amd64/libjava.so
7ff915b4d000-7ff915b4f000 rw-p 0002a000 ca:01 275201                     /usr/lib/jvm/java-8-oracle/jre/lib/amd64/libjava.so
7ff915b4f000-7ff915b5c000 r-xp 00000000 ca:01 275179                     /usr/lib/jvm/java-8-oracle/jre/lib/amd64/libverify.so
7ff915b5c000-7ff915d5c000 ---p 0000d000 ca:01 275179                     /usr/lib/jvm/java-8-oracle/jre/lib/amd64/libverify.so
7ff915d5c000-7ff915d5e000 rw-p 0000d000 ca:01 275179                     /usr/lib/jvm/java-8-oracle/jre/lib/amd64/libverify.so
7ff915d5e000-7ff915d65000 r-xp 00000000 ca:01 396096                     /lib/x86_64-linux-gnu/librt-2.19.so
7ff915d65000-7ff915f64000 ---p 00007000 ca:01 396096                     /lib/x86_64-linux-gnu/librt-2.19.so
7ff915f64000-7ff915f65000 r--p 00006000 ca:01 396096                     /lib/x86_64-linux-gnu/librt-2.19.so
7ff915f65000-7ff915f66000 rw-p 00007000 ca:01 396096                     /lib/x86_64-linux-gnu/librt-2.19.so
7ff915f66000-7ff91606b000 r-xp 00000000 ca:01 396063                     /lib/x86_64-linux-gnu/libm-2.19.so
7ff91606b000-7ff91626a000 ---p 00105000 ca:01 396063                     /lib/x86_64-linux-gnu/libm-2.19.so
7ff91626a000-7ff91626b000 r--p 00104000 ca:01 396063                     /lib/x86_64-linux-gnu/libm-2.19.so
7ff91626b000-7ff91626c000 rw-p 00105000 ca:01 396063                     /lib/x86_64-linux-gnu/libm-2.19.so
7ff91626c000-7ff916f1a000 r-xp 00000000 ca:01 275237                     /usr/lib/jvm/java-8-oracle/jre/lib/amd64/server/libjvm.so
7ff916f1a000-7ff917119000 ---p 00cae000 ca:01 275237                     /usr/lib/jvm/java-8-oracle/jre/lib/amd64/server/libjvm.so
7ff917119000-7ff9171f0000 rw-p 00cad000 ca:01 275237                     /usr/lib/jvm/java-8-oracle/jre/lib/amd64/server/libjvm.so
7ff9171f0000-7ff917234000 rw-p 00000000 00:00 0 
7ff917234000-7ff9173ef000 r-xp 00000000 ca:01 396040                     /lib/x86_64-linux-gnu/libc-2.19.so
7ff9173ef000-7ff9175ee000 ---p 001bb000 ca:01 396040                     /lib/x86_64-linux-gnu/libc-2.19.so
7ff9175ee000-7ff9175f2000 r--p 001ba000 ca:01 396040                     /lib/x86_64-linux-gnu/libc-2.19.so
7ff9175f2000-7ff9175f4000 rw-p 001be000 ca:01 396040                     /lib/x86_64-linux-gnu/libc-2.19.so
7ff9175f4000-7ff9175f9000 rw-p 00000000 00:00 0 
7ff9175f9000-7ff9175fc000 r-xp 00000000 ca:01 396049                     /lib/x86_64-linux-gnu/libdl-2.19.so
7ff9175fc000-7ff9177fb000 ---p 00003000 ca:01 396049                     /lib/x86_64-linux-gnu/libdl-2.19.so
7ff9177fb000-7ff9177fc000 r--p 00002000 ca:01 396049                     /lib/x86_64-linux-gnu/libdl-2.19.so
7ff9177fc000-7ff9177fd000 rw-p 00003000 ca:01 396049                     /lib/x86_64-linux-gnu/libdl-2.19.so
7ff9177fd000-7ff917812000 r-xp 00000000 ca:01 275187                     /usr/lib/jvm/java-8-oracle/jre/lib/amd64/jli/libjli.so
7ff917812000-7ff917a12000 ---p 00015000 ca:01 275187                     /usr/lib/jvm/java-8-oracle/jre/lib/amd64/jli/libjli.so
7ff917a12000-7ff917a13000 rw-p 00015000 ca:01 275187                     /usr/lib/jvm/java-8-oracle/jre/lib/amd64/jli/libjli.so
7ff917a13000-7ff917a2c000 r-xp 00000000 ca:01 396093                     /lib/x86_64-linux-gnu/libpthread-2.19.so
7ff917a2c000-7ff917c2b000 ---p 00019000 ca:01 396093                     /lib/x86_64-linux-gnu/libpthread-2.19.so
7ff917c2b000-7ff917c2c000 r--p 00018000 ca:01 396093                     /lib/x86_64-linux-gnu/libpthread-2.19.so
7ff917c2c000-7ff917c2d000 rw-p 00019000 ca:01 396093                     /lib/x86_64-linux-gnu/libpthread-2.19.so
7ff917c2d000-7ff917c31000 rw-p 00000000 00:00 0 
7ff917c31000-7ff917c54000 r-xp 00000000 ca:01 396030                     /lib/x86_64-linux-gnu/ld-2.19.so
7ff917d3c000-7ff917d44000 rw-s 00000000 ca:01 524379                     /tmp/hsperfdata_ubuntu/21958
7ff917d44000-7ff917d47000 ---p 00000000 00:00 0 
7ff917d47000-7ff917e49000 rw-p 00000000 00:00 0                          [stack:21959]
7ff917e4c000-7ff917e50000 rw-p 00000000 00:00 0 
7ff917e50000-7ff917e51000 r--p 00000000 00:00 0 
7ff917e51000-7ff917e53000 rw-p 00000000 00:00 0 
7ff917e53000-7ff917e54000 r--p 00022000 ca:01 396030                     /lib/x86_64-linux-gnu/ld-2.19.so
7ff917e54000-7ff917e55000 rw-p 00023000 ca:01 396030                     /lib/x86_64-linux-gnu/ld-2.19.so
7ff917e55000-7ff917e56000 rw-p 00000000 00:00 0 
7fffee966000-7fffee987000 rw-p 00000000 00:00 0                          [stack]
7fffee9e4000-7fffee9e6000 r-xp 00000000 00:00 0                          [vdso]
ffffffffff600000-ffffffffff601000 r-xp 00000000 00:00 0                  [vsyscall]

VM Arguments:
jvm_args: -Djava.util.logging.manager=org.apache.juli.ClassLoaderLogManager -Xms2048m -Xmx2048m -XX:NewSize=256m -XX:MaxNewSize=356m -XX:PermSize=256m -XX:MaxPermSize=356m -Djava.endorsed.dirs=/opt/runtime/tomcat/endorsed -Dcatalina.base=/opt/runtime/tomcat -Dcatalina.home=/opt/runtime/tomcat -Djava.io.tmpdir=/opt/runtime/tomcat/temp 
java_command: org.apache.catalina.startup.Bootstrap stop
java_class_path (initial): /opt/runtime/tomcat/bin/bootstrap.jar:/opt/runtime/tomcat/bin/tomcat-juli.jar
Launcher Type: SUN_STANDARD

Environment Variables:
PATH=/usr/local/sbin:/usr/local/bin:/usr/sbin:/usr/bin:/sbin:/bin:/usr/games:/usr/local/games
SHELL=/bin/bash

Signal Handlers:
SIGSEGV: [libjvm.so+0xaad1e0], sa_mask[0]=11111111011111111101111111111110, sa_flags=SA_RESTART|SA_SIGINFO
SIGBUS: [libjvm.so+0xaad1e0], sa_mask[0]=11111111011111111101111111111110, sa_flags=SA_RESTART|SA_SIGINFO
SIGFPE: [libjvm.so+0x90b450], sa_mask[0]=11111111011111111101111111111110, sa_flags=SA_RESTART|SA_SIGINFO
SIGPIPE: [libjvm.so+0x90b450], sa_mask[0]=11111111011111111101111111111110, sa_flags=SA_RESTART|SA_SIGINFO
SIGXFSZ: [libjvm.so+0x90b450], sa_mask[0]=11111111011111111101111111111110, sa_flags=SA_RESTART|SA_SIGINFO
SIGILL: [libjvm.so+0x90b450], sa_mask[0]=11111111011111111101111111111110, sa_flags=SA_RESTART|SA_SIGINFO
SIGUSR1: SIG_DFL, sa_mask[0]=00000000000000000000000000000000, sa_flags=none
SIGUSR2: [libjvm.so+0x90ca90], sa_mask[0]=00000000000000000000000000000000, sa_flags=SA_RESTART|SA_SIGINFO
SIGHUP: SIG_DFL, sa_mask[0]=00000000000000000000000000000000, sa_flags=none
SIGINT: SIG_DFL, sa_mask[0]=00000000000000000000000000000000, sa_flags=none
SIGTERM: SIG_DFL, sa_mask[0]=00000000000000000000000000000000, sa_flags=none
SIGQUIT: SIG_DFL, sa_mask[0]=00000000000000000000000000000000, sa_flags=none


---------------  S Y S T E M  ---------------

OS:DISTRIB_ID=Ubuntu
DISTRIB_RELEASE=14.04
DISTRIB_CODENAME=trusty
DISTRIB_DESCRIPTION="Ubuntu 14.04.2 LTS"

uname:Linux 3.13.0-48-generic #80-Ubuntu SMP Thu Mar 12 11:16:15 UTC 2015 x86_64
libc:glibc 2.19 NPTL 2.19 
rlimit: STACK 8192k, CORE 0k, NPROC 31538, NOFILE 4096, AS infinity
load average:0.45 0.28 0.23

/proc/meminfo:
MemTotal:        4046840 kB
MemFree:         1066000 kB
Buffers:           11320 kB
Cached:           123716 kB
SwapCached:            0 kB
Active:          2809636 kB
Inactive:          83740 kB
Active(anon):    2758472 kB
Inactive(anon):      540 kB
Active(file):      51164 kB
Inactive(file):    83200 kB
Unevictable:           0 kB
Mlocked:               0 kB
SwapTotal:             0 kB
SwapFree:              0 kB
Dirty:               236 kB
Writeback:             0 kB
AnonPages:       2758364 kB
Mapped:             8688 kB
Shmem:               616 kB
Slab:              31416 kB
SReclaimable:      15752 kB
SUnreclaim:        15664 kB
KernelStack:        2080 kB
PageTables:        10652 kB
NFS_Unstable:          0 kB
Bounce:                0 kB
WritebackTmp:          0 kB
CommitLimit:     2023420 kB
Committed_AS:    3940144 kB
VmallocTotal:   34359738367 kB
VmallocUsed:        7656 kB
VmallocChunk:   34359724267 kB
HardwareCorrupted:     0 kB
AnonHugePages:   1777664 kB
HugePages_Total:       0
HugePages_Free:        0
HugePages_Rsvd:        0
HugePages_Surp:        0
Hugepagesize:       2048 kB
DirectMap4k:       28672 kB
DirectMap2M:     4296704 kB


CPU:total 2 (2 cores per cpu, 1 threads per core) family 6 model 62 stepping 4, cmov, cx8, fxsr, mmx, sse, sse2, sse3, ssse3, sse4.1, sse4.2, popcnt, avx, aes, clmul, erms, tsc

/proc/cpuinfo:
processor	: 0
vendor_id	: GenuineIntel
cpu family	: 6
model		: 62
model name	: Intel(R) Xeon(R) CPU E5-2670 v2 @ 2.50GHz
stepping	: 4
microcode	: 0x428
cpu MHz		: 2494.066
cache size	: 25600 KB
physical id	: 0
siblings	: 2
core id		: 0
cpu cores	: 2
apicid		: 0
initial apicid	: 0
fpu		: yes
fpu_exception	: yes
cpuid level	: 13
wp		: yes
flags		: fpu vme de pse tsc msr pae mce cx8 apic sep mtrr pge mca cmov pat pse36 clflush mmx fxsr sse sse2 ht syscall nx rdtscp lm constant_tsc rep_good nopl xtopology eagerfpu pni pclmulqdq ssse3 cx16 pcid sse4_1 sse4_2 x2apic popcnt tsc_deadline_timer aes xsave avx f16c rdrand hypervisor lahf_lm xsaveopt fsgsbase smep erms
bogomips	: 4988.13
clflush size	: 64
cache_alignment	: 64
address sizes	: 46 bits physical, 48 bits virtual
power management:

processor	: 1
vendor_id	: GenuineIntel
cpu family	: 6
model		: 62
model name	: Intel(R) Xeon(R) CPU E5-2670 v2 @ 2.50GHz
stepping	: 4
microcode	: 0x428
cpu MHz		: 2494.066
cache size	: 25600 KB
physical id	: 0
siblings	: 2
core id		: 1
cpu cores	: 2
apicid		: 2
initial apicid	: 2
fpu		: yes
fpu_exception	: yes
cpuid level	: 13
wp		: yes
flags		: fpu vme de pse tsc msr pae mce cx8 apic sep mtrr pge mca cmov pat pse36 clflush mmx fxsr sse sse2 ht syscall nx rdtscp lm constant_tsc rep_good nopl xtopology eagerfpu pni pclmulqdq ssse3 cx16 pcid sse4_1 sse4_2 x2apic popcnt tsc_deadline_timer aes xsave avx f16c rdrand hypervisor lahf_lm xsaveopt fsgsbase smep erms
bogomips	: 4988.13
clflush size	: 64
cache_alignment	: 64
address sizes	: 46 bits physical, 48 bits virtual
power management:



Memory: 4k page, physical 4046840k(1066000k free), swap 0k(0k free)

vm_info: Java HotSpot(TM) 64-Bit Server VM (25.45-b02) for linux-amd64 JRE (1.8.0_45-b14), built on Apr 10 2015 10:07:45 by "java_re" with gcc 4.3.0 20080428 (Red Hat 4.3.0-8)

time: Sun Jul 26 12:10:01 2015
elapsed time: 0 seconds (0d 0h 0m 0s)

